<?xml version="1.0" encoding="UTF-8"?>
<testsuite xmlns:xsi="http://www.w3.org/2001/XMLSchema-instance" xsi:noNamespaceSchemaLocation="https://maven.apache.org/surefire/maven-surefire-plugin/xsd/surefire-test-report-3.0.xsd" version="3.0" name="TestSuite" time="63.635" tests="6" errors="0" skipped="0" failures="1">
  <properties>
    <property name="sun.desktop" value="windows"/>
    <property name="awt.toolkit" value="sun.awt.windows.WToolkit"/>
    <property name="java.specification.version" value="11"/>
    <property name="webdriver.chrome.driver" value="C:\Users\pchatterjee\eclipse-workspace\OneMap/src/test/resources/Driver/chromedriver.exe"/>
    <property name="sun.cpu.isalist" value="amd64"/>
    <property name="sun.jnu.encoding" value="Cp1252"/>
    <property name="sun.awt.enableExtraMouseButtons" value="true"/>
    <property name="java.class.path" value="C:\Users\pchatterjee\eclipse-workspace\OneMap\target\test-classes;C:\Users\pchatterjee\eclipse-workspace\OneMap\target\classes;C:\Users\pchatterjee\.m2\repository\org\seleniumhq\selenium\selenium-java\3.141.59\selenium-java-3.141.59.jar;C:\Users\pchatterjee\.m2\repository\org\seleniumhq\selenium\selenium-api\3.141.59\selenium-api-3.141.59.jar;C:\Users\pchatterjee\.m2\repository\org\seleniumhq\selenium\selenium-chrome-driver\3.141.59\selenium-chrome-driver-3.141.59.jar;C:\Users\pchatterjee\.m2\repository\org\seleniumhq\selenium\selenium-edge-driver\3.141.59\selenium-edge-driver-3.141.59.jar;C:\Users\pchatterjee\.m2\repository\org\seleniumhq\selenium\selenium-firefox-driver\3.141.59\selenium-firefox-driver-3.141.59.jar;C:\Users\pchatterjee\.m2\repository\org\seleniumhq\selenium\selenium-ie-driver\3.141.59\selenium-ie-driver-3.141.59.jar;C:\Users\pchatterjee\.m2\repository\org\seleniumhq\selenium\selenium-opera-driver\3.141.59\selenium-opera-driver-3.141.59.jar;C:\Users\pchatterjee\.m2\repository\org\seleniumhq\selenium\selenium-remote-driver\3.141.59\selenium-remote-driver-3.141.59.jar;C:\Users\pchatterjee\.m2\repository\org\seleniumhq\selenium\selenium-safari-driver\3.141.59\selenium-safari-driver-3.141.59.jar;C:\Users\pchatterjee\.m2\repository\org\seleniumhq\selenium\selenium-support\3.141.59\selenium-support-3.141.59.jar;C:\Users\pchatterjee\.m2\repository\net\bytebuddy\byte-buddy\1.8.15\byte-buddy-1.8.15.jar;C:\Users\pchatterjee\.m2\repository\org\apache\commons\commons-exec\1.3\commons-exec-1.3.jar;C:\Users\pchatterjee\.m2\repository\com\google\guava\guava\25.0-jre\guava-25.0-jre.jar;C:\Users\pchatterjee\.m2\repository\com\google\code\findbugs\jsr305\1.3.9\jsr305-1.3.9.jar;C:\Users\pchatterjee\.m2\repository\org\checkerframework\checker-compat-qual\2.0.0\checker-compat-qual-2.0.0.jar;C:\Users\pchatterjee\.m2\repository\com\google\errorprone\error_prone_annotations\2.1.3\error_prone_annotations-2.1.3.jar;C:\Users\pchatterjee\.m2\repository\com\google\j2objc\j2objc-annotations\1.1\j2objc-annotations-1.1.jar;C:\Users\pchatterjee\.m2\repository\org\codehaus\mojo\animal-sniffer-annotations\1.14\animal-sniffer-annotations-1.14.jar;C:\Users\pchatterjee\.m2\repository\com\squareup\okhttp3\okhttp\3.11.0\okhttp-3.11.0.jar;C:\Users\pchatterjee\.m2\repository\com\squareup\okio\okio\1.14.0\okio-1.14.0.jar;C:\Users\pchatterjee\.m2\repository\info\cukes\gherkin\2.12.2\gherkin-2.12.2.jar;C:\Users\pchatterjee\.m2\repository\tech\grasshopper\extentreports-cucumber6-adapter\2.0.0\extentreports-cucumber6-adapter-2.0.0.jar;C:\Users\pchatterjee\.m2\repository\com\aventstack\klov-reporter\5.0.1\klov-reporter-5.0.1.jar;C:\Users\pchatterjee\.m2\repository\org\mongodb\bson\3.3.0\bson-3.3.0.jar;C:\Users\pchatterjee\.m2\repository\org\apache\httpcomponents\httpclient\4.5.2\httpclient-4.5.2.jar;C:\Users\pchatterjee\.m2\repository\org\apache\httpcomponents\httpcore\4.4.4\httpcore-4.4.4.jar;C:\Users\pchatterjee\.m2\repository\commons-logging\commons-logging\1.2\commons-logging-1.2.jar;C:\Users\pchatterjee\.m2\repository\commons-codec\commons-codec\1.9\commons-codec-1.9.jar;C:\Users\pchatterjee\.m2\repository\org\apache\httpcomponents\httpmime\4.5.2\httpmime-4.5.2.jar;C:\Users\pchatterjee\.m2\repository\org\mongodb\mongodb-driver\3.3.0\mongodb-driver-3.3.0.jar;C:\Users\pchatterjee\.m2\repository\org\mongodb\mongodb-driver-core\3.3.0\mongodb-driver-core-3.3.0.jar;C:\Users\pchatterjee\.m2\repository\com\aventstack\extentreports\5.0.4\extentreports-5.0.4.jar;C:\Users\pchatterjee\.m2\repository\io\reactivex\rxjava3\rxjava\3.0.4\rxjava-3.0.4.jar;C:\Users\pchatterjee\.m2\repository\org\reactivestreams\reactive-streams\1.0.3\reactive-streams-1.0.3.jar;C:\Users\pchatterjee\.m2\repository\org\freemarker\freemarker\2.3.30\freemarker-2.3.30.jar;C:\Users\pchatterjee\.m2\repository\org\projectlombok\lombok\1.18.12\lombok-1.18.12.jar;C:\Users\pchatterjee\.m2\repository\com\google\code\gson\gson\2.8.6\gson-2.8.6.jar;C:\Users\pchatterjee\.m2\repository\com\vimalselvam\cucumber-extentsreport\3.0.2\cucumber-extentsreport-3.0.2.jar;C:\Users\pchatterjee\.m2\repository\io\cucumber\cucumber-java\6.8.1\cucumber-java-6.8.1.jar;C:\Users\pchatterjee\.m2\repository\io\cucumber\cucumber-core\6.8.1\cucumber-core-6.8.1.jar;C:\Users\pchatterjee\.m2\repository\io\cucumber\cucumber-gherkin\6.8.1\cucumber-gherkin-6.8.1.jar;C:\Users\pchatterjee\.m2\repository\io\cucumber\cucumber-gherkin-messages\6.8.1\cucumber-gherkin-messages-6.8.1.jar;C:\Users\pchatterjee\.m2\repository\io\cucumber\messages\13.1.0\messages-13.1.0.jar;C:\Users\pchatterjee\.m2\repository\io\cucumber\tag-expressions\3.0.0\tag-expressions-3.0.0.jar;C:\Users\pchatterjee\.m2\repository\io\cucumber\cucumber-expressions\10.3.0\cucumber-expressions-10.3.0.jar;C:\Users\pchatterjee\.m2\repository\io\cucumber\datatable\3.5.0\datatable-3.5.0.jar;C:\Users\pchatterjee\.m2\repository\io\cucumber\cucumber-plugin\6.8.1\cucumber-plugin-6.8.1.jar;C:\Users\pchatterjee\.m2\repository\io\cucumber\docstring\6.8.1\docstring-6.8.1.jar;C:\Users\pchatterjee\.m2\repository\io\cucumber\html-formatter\9.0.0\html-formatter-9.0.0.jar;C:\Users\pchatterjee\.m2\repository\io\cucumber\create-meta\2.0.2\create-meta-2.0.2.jar;C:\Users\pchatterjee\.m2\repository\org\apiguardian\apiguardian-api\1.1.0\apiguardian-api-1.1.0.jar;C:\Users\pchatterjee\.m2\repository\io\cucumber\cucumber-junit\6.8.1\cucumber-junit-6.8.1.jar;C:\Users\pchatterjee\.m2\repository\junit\junit\4.13\junit-4.13.jar;C:\Users\pchatterjee\.m2\repository\org\hamcrest\hamcrest-core\1.3\hamcrest-core-1.3.jar;C:\Users\pchatterjee\.m2\repository\io\cucumber\cucumber-testng\6.8.1\cucumber-testng-6.8.1.jar;C:\Users\pchatterjee\.m2\repository\org\testng\testng\7.3.0\testng-7.3.0.jar;C:\Users\pchatterjee\.m2\repository\com\beust\jcommander\1.78\jcommander-1.78.jar;C:\Users\pchatterjee\.m2\repository\org\apache\ant\ant\1.10.3\ant-1.10.3.jar;C:\Users\pchatterjee\.m2\repository\org\apache\ant\ant-launcher\1.10.3\ant-launcher-1.10.3.jar;C:\Users\pchatterjee\.m2\repository\com\google\inject\guice\4.2.2\guice-4.2.2-no_aop.jar;C:\Users\pchatterjee\.m2\repository\javax\inject\javax.inject\1\javax.inject-1.jar;C:\Users\pchatterjee\.m2\repository\aopalliance\aopalliance\1.0\aopalliance-1.0.jar;C:\Users\pchatterjee\.m2\repository\org\yaml\snakeyaml\1.21\snakeyaml-1.21.jar;C:\Users\pchatterjee\.m2\repository\commons-io\commons-io\2.10.0\commons-io-2.10.0.jar;C:\Users\pchatterjee\.m2\repository\io\cucumber\cucumber-jvm-deps\1.0.6\cucumber-jvm-deps-1.0.6.jar;C:\Users\pchatterjee\.m2\repository\com\sikulix\sikulixapi\2.0.0\sikulixapi-2.0.0.jar;C:\Users\pchatterjee\.m2\repository\com\sikulix\sikulix2tigervnc\1.1.4\sikulix2tigervnc-1.1.4.jar;C:\Users\pchatterjee\.m2\repository\commons-cli\commons-cli\1.4\commons-cli-1.4.jar;C:\Users\pchatterjee\.m2\repository\net\java\dev\jna\jna-platform\5.4.0\jna-platform-5.4.0.jar;C:\Users\pchatterjee\.m2\repository\net\java\dev\jna\jna\5.4.0\jna-5.4.0.jar;C:\Users\pchatterjee\.m2\repository\org\reflections\reflections\0.9.11\reflections-0.9.11.jar;C:\Users\pchatterjee\.m2\repository\org\javassist\javassist\3.21.0-GA\javassist-3.21.0-GA.jar;C:\Users\pchatterjee\.m2\repository\net\sourceforge\tess4j\tess4j\4.4.1\tess4j-4.4.1.jar;C:\Users\pchatterjee\.m2\repository\com\github\jai-imageio\jai-imageio-core\1.4.0\jai-imageio-core-1.4.0.jar;C:\Users\pchatterjee\.m2\repository\org\ghost4j\ghost4j\1.0.1\ghost4j-1.0.1.jar;C:\Users\pchatterjee\.m2\repository\log4j\log4j\1.2.17\log4j-1.2.17.jar;C:\Users\pchatterjee\.m2\repository\commons-beanutils\commons-beanutils\1.9.2\commons-beanutils-1.9.2.jar;C:\Users\pchatterjee\.m2\repository\commons-collections\commons-collections\3.2.1\commons-collections-3.2.1.jar;C:\Users\pchatterjee\.m2\repository\org\apache\xmlgraphics\xmlgraphics-commons\1.4\xmlgraphics-commons-1.4.jar;C:\Users\pchatterjee\.m2\repository\com\lowagie\itext\2.1.7\itext-2.1.7.jar;C:\Users\pchatterjee\.m2\repository\org\apache\pdfbox\pdfbox\2.0.17\pdfbox-2.0.17.jar;C:\Users\pchatterjee\.m2\repository\org\apache\pdfbox\fontbox\2.0.17\fontbox-2.0.17.jar;C:\Users\pchatterjee\.m2\repository\org\apache\pdfbox\pdfbox-tools\2.0.17\pdfbox-tools-2.0.17.jar;C:\Users\pchatterjee\.m2\repository\org\apache\pdfbox\pdfbox-debugger\2.0.17\pdfbox-debugger-2.0.17.jar;C:\Users\pchatterjee\.m2\repository\org\apache\pdfbox\jbig2-imageio\3.0.2\jbig2-imageio-3.0.2.jar;C:\Users\pchatterjee\.m2\repository\net\sourceforge\lept4j\lept4j\1.12.3\lept4j-1.12.3.jar;C:\Users\pchatterjee\.m2\repository\org\jboss\jboss-vfs\3.2.14.Final\jboss-vfs-3.2.14.Final.jar;C:\Users\pchatterjee\.m2\repository\org\jboss\logging\jboss-logging\3.1.4.GA\jboss-logging-3.1.4.GA.jar;C:\Users\pchatterjee\.m2\repository\org\slf4j\jul-to-slf4j\1.7.28\jul-to-slf4j-1.7.28.jar;C:\Users\pchatterjee\.m2\repository\org\slf4j\jcl-over-slf4j\1.7.28\jcl-over-slf4j-1.7.28.jar;C:\Users\pchatterjee\.m2\repository\org\slf4j\log4j-over-slf4j\1.7.28\log4j-over-slf4j-1.7.28.jar;C:\Users\pchatterjee\.m2\repository\org\slf4j\slf4j-nop\1.7.28\slf4j-nop-1.7.28.jar;C:\Users\pchatterjee\.m2\repository\org\slf4j\slf4j-api\1.7.28\slf4j-api-1.7.28.jar;C:\Users\pchatterjee\.m2\repository\com\sikulix\sikulixlibswin\1.1.0\sikulixlibswin-1.1.0.jar;"/>
    <property name="java.vm.vendor" value="Oracle Corporation"/>
    <property name="sun.arch.data.model" value="64"/>
    <property name="user.variant" value=""/>
    <property name="java.vendor.url" value="https://openjdk.java.net/"/>
    <property name="user.timezone" value="Asia/Calcutta"/>
    <property name="browserName" value="chrome"/>
    <property name="java.vm.specification.version" value="11"/>
    <property name="os.name" value="Windows 10"/>
    <property name="sun.java.launcher" value="SUN_STANDARD"/>
    <property name="user.country" value="US"/>
    <property name="sun.boot.library.path" value="C:\Program Files\Java\jdk-11.0.9\bin"/>
    <property name="sun.java.command" value="C:\Users\pchatterjee\AppData\Local\Temp\surefire10890129332712312163\surefirebooter11661701118472061789.jar C:\Users\pchatterjee\AppData\Local\Temp\surefire10890129332712312163 2021-07-06T12-52-44_855-jvmRun1 surefire13976053419777058232tmp surefire_04069966825643387555tmp"/>
    <property name="jdk.debug" value="release"/>
    <property name="surefire.test.class.path" value="C:\Users\pchatterjee\eclipse-workspace\OneMap\target\test-classes;C:\Users\pchatterjee\eclipse-workspace\OneMap\target\classes;C:\Users\pchatterjee\.m2\repository\org\seleniumhq\selenium\selenium-java\3.141.59\selenium-java-3.141.59.jar;C:\Users\pchatterjee\.m2\repository\org\seleniumhq\selenium\selenium-api\3.141.59\selenium-api-3.141.59.jar;C:\Users\pchatterjee\.m2\repository\org\seleniumhq\selenium\selenium-chrome-driver\3.141.59\selenium-chrome-driver-3.141.59.jar;C:\Users\pchatterjee\.m2\repository\org\seleniumhq\selenium\selenium-edge-driver\3.141.59\selenium-edge-driver-3.141.59.jar;C:\Users\pchatterjee\.m2\repository\org\seleniumhq\selenium\selenium-firefox-driver\3.141.59\selenium-firefox-driver-3.141.59.jar;C:\Users\pchatterjee\.m2\repository\org\seleniumhq\selenium\selenium-ie-driver\3.141.59\selenium-ie-driver-3.141.59.jar;C:\Users\pchatterjee\.m2\repository\org\seleniumhq\selenium\selenium-opera-driver\3.141.59\selenium-opera-driver-3.141.59.jar;C:\Users\pchatterjee\.m2\repository\org\seleniumhq\selenium\selenium-remote-driver\3.141.59\selenium-remote-driver-3.141.59.jar;C:\Users\pchatterjee\.m2\repository\org\seleniumhq\selenium\selenium-safari-driver\3.141.59\selenium-safari-driver-3.141.59.jar;C:\Users\pchatterjee\.m2\repository\org\seleniumhq\selenium\selenium-support\3.141.59\selenium-support-3.141.59.jar;C:\Users\pchatterjee\.m2\repository\net\bytebuddy\byte-buddy\1.8.15\byte-buddy-1.8.15.jar;C:\Users\pchatterjee\.m2\repository\org\apache\commons\commons-exec\1.3\commons-exec-1.3.jar;C:\Users\pchatterjee\.m2\repository\com\google\guava\guava\25.0-jre\guava-25.0-jre.jar;C:\Users\pchatterjee\.m2\repository\com\google\code\findbugs\jsr305\1.3.9\jsr305-1.3.9.jar;C:\Users\pchatterjee\.m2\repository\org\checkerframework\checker-compat-qual\2.0.0\checker-compat-qual-2.0.0.jar;C:\Users\pchatterjee\.m2\repository\com\google\errorprone\error_prone_annotations\2.1.3\error_prone_annotations-2.1.3.jar;C:\Users\pchatterjee\.m2\repository\com\google\j2objc\j2objc-annotations\1.1\j2objc-annotations-1.1.jar;C:\Users\pchatterjee\.m2\repository\org\codehaus\mojo\animal-sniffer-annotations\1.14\animal-sniffer-annotations-1.14.jar;C:\Users\pchatterjee\.m2\repository\com\squareup\okhttp3\okhttp\3.11.0\okhttp-3.11.0.jar;C:\Users\pchatterjee\.m2\repository\com\squareup\okio\okio\1.14.0\okio-1.14.0.jar;C:\Users\pchatterjee\.m2\repository\info\cukes\gherkin\2.12.2\gherkin-2.12.2.jar;C:\Users\pchatterjee\.m2\repository\tech\grasshopper\extentreports-cucumber6-adapter\2.0.0\extentreports-cucumber6-adapter-2.0.0.jar;C:\Users\pchatterjee\.m2\repository\com\aventstack\klov-reporter\5.0.1\klov-reporter-5.0.1.jar;C:\Users\pchatterjee\.m2\repository\org\mongodb\bson\3.3.0\bson-3.3.0.jar;C:\Users\pchatterjee\.m2\repository\org\apache\httpcomponents\httpclient\4.5.2\httpclient-4.5.2.jar;C:\Users\pchatterjee\.m2\repository\org\apache\httpcomponents\httpcore\4.4.4\httpcore-4.4.4.jar;C:\Users\pchatterjee\.m2\repository\commons-logging\commons-logging\1.2\commons-logging-1.2.jar;C:\Users\pchatterjee\.m2\repository\commons-codec\commons-codec\1.9\commons-codec-1.9.jar;C:\Users\pchatterjee\.m2\repository\org\apache\httpcomponents\httpmime\4.5.2\httpmime-4.5.2.jar;C:\Users\pchatterjee\.m2\repository\org\mongodb\mongodb-driver\3.3.0\mongodb-driver-3.3.0.jar;C:\Users\pchatterjee\.m2\repository\org\mongodb\mongodb-driver-core\3.3.0\mongodb-driver-core-3.3.0.jar;C:\Users\pchatterjee\.m2\repository\com\aventstack\extentreports\5.0.4\extentreports-5.0.4.jar;C:\Users\pchatterjee\.m2\repository\io\reactivex\rxjava3\rxjava\3.0.4\rxjava-3.0.4.jar;C:\Users\pchatterjee\.m2\repository\org\reactivestreams\reactive-streams\1.0.3\reactive-streams-1.0.3.jar;C:\Users\pchatterjee\.m2\repository\org\freemarker\freemarker\2.3.30\freemarker-2.3.30.jar;C:\Users\pchatterjee\.m2\repository\org\projectlombok\lombok\1.18.12\lombok-1.18.12.jar;C:\Users\pchatterjee\.m2\repository\com\google\code\gson\gson\2.8.6\gson-2.8.6.jar;C:\Users\pchatterjee\.m2\repository\com\vimalselvam\cucumber-extentsreport\3.0.2\cucumber-extentsreport-3.0.2.jar;C:\Users\pchatterjee\.m2\repository\io\cucumber\cucumber-java\6.8.1\cucumber-java-6.8.1.jar;C:\Users\pchatterjee\.m2\repository\io\cucumber\cucumber-core\6.8.1\cucumber-core-6.8.1.jar;C:\Users\pchatterjee\.m2\repository\io\cucumber\cucumber-gherkin\6.8.1\cucumber-gherkin-6.8.1.jar;C:\Users\pchatterjee\.m2\repository\io\cucumber\cucumber-gherkin-messages\6.8.1\cucumber-gherkin-messages-6.8.1.jar;C:\Users\pchatterjee\.m2\repository\io\cucumber\messages\13.1.0\messages-13.1.0.jar;C:\Users\pchatterjee\.m2\repository\io\cucumber\tag-expressions\3.0.0\tag-expressions-3.0.0.jar;C:\Users\pchatterjee\.m2\repository\io\cucumber\cucumber-expressions\10.3.0\cucumber-expressions-10.3.0.jar;C:\Users\pchatterjee\.m2\repository\io\cucumber\datatable\3.5.0\datatable-3.5.0.jar;C:\Users\pchatterjee\.m2\repository\io\cucumber\cucumber-plugin\6.8.1\cucumber-plugin-6.8.1.jar;C:\Users\pchatterjee\.m2\repository\io\cucumber\docstring\6.8.1\docstring-6.8.1.jar;C:\Users\pchatterjee\.m2\repository\io\cucumber\html-formatter\9.0.0\html-formatter-9.0.0.jar;C:\Users\pchatterjee\.m2\repository\io\cucumber\create-meta\2.0.2\create-meta-2.0.2.jar;C:\Users\pchatterjee\.m2\repository\org\apiguardian\apiguardian-api\1.1.0\apiguardian-api-1.1.0.jar;C:\Users\pchatterjee\.m2\repository\io\cucumber\cucumber-junit\6.8.1\cucumber-junit-6.8.1.jar;C:\Users\pchatterjee\.m2\repository\junit\junit\4.13\junit-4.13.jar;C:\Users\pchatterjee\.m2\repository\org\hamcrest\hamcrest-core\1.3\hamcrest-core-1.3.jar;C:\Users\pchatterjee\.m2\repository\io\cucumber\cucumber-testng\6.8.1\cucumber-testng-6.8.1.jar;C:\Users\pchatterjee\.m2\repository\org\testng\testng\7.3.0\testng-7.3.0.jar;C:\Users\pchatterjee\.m2\repository\com\beust\jcommander\1.78\jcommander-1.78.jar;C:\Users\pchatterjee\.m2\repository\org\apache\ant\ant\1.10.3\ant-1.10.3.jar;C:\Users\pchatterjee\.m2\repository\org\apache\ant\ant-launcher\1.10.3\ant-launcher-1.10.3.jar;C:\Users\pchatterjee\.m2\repository\com\google\inject\guice\4.2.2\guice-4.2.2-no_aop.jar;C:\Users\pchatterjee\.m2\repository\javax\inject\javax.inject\1\javax.inject-1.jar;C:\Users\pchatterjee\.m2\repository\aopalliance\aopalliance\1.0\aopalliance-1.0.jar;C:\Users\pchatterjee\.m2\repository\org\yaml\snakeyaml\1.21\snakeyaml-1.21.jar;C:\Users\pchatterjee\.m2\repository\commons-io\commons-io\2.10.0\commons-io-2.10.0.jar;C:\Users\pchatterjee\.m2\repository\io\cucumber\cucumber-jvm-deps\1.0.6\cucumber-jvm-deps-1.0.6.jar;C:\Users\pchatterjee\.m2\repository\com\sikulix\sikulixapi\2.0.0\sikulixapi-2.0.0.jar;C:\Users\pchatterjee\.m2\repository\com\sikulix\sikulix2tigervnc\1.1.4\sikulix2tigervnc-1.1.4.jar;C:\Users\pchatterjee\.m2\repository\commons-cli\commons-cli\1.4\commons-cli-1.4.jar;C:\Users\pchatterjee\.m2\repository\net\java\dev\jna\jna-platform\5.4.0\jna-platform-5.4.0.jar;C:\Users\pchatterjee\.m2\repository\net\java\dev\jna\jna\5.4.0\jna-5.4.0.jar;C:\Users\pchatterjee\.m2\repository\org\reflections\reflections\0.9.11\reflections-0.9.11.jar;C:\Users\pchatterjee\.m2\repository\org\javassist\javassist\3.21.0-GA\javassist-3.21.0-GA.jar;C:\Users\pchatterjee\.m2\repository\net\sourceforge\tess4j\tess4j\4.4.1\tess4j-4.4.1.jar;C:\Users\pchatterjee\.m2\repository\com\github\jai-imageio\jai-imageio-core\1.4.0\jai-imageio-core-1.4.0.jar;C:\Users\pchatterjee\.m2\repository\org\ghost4j\ghost4j\1.0.1\ghost4j-1.0.1.jar;C:\Users\pchatterjee\.m2\repository\log4j\log4j\1.2.17\log4j-1.2.17.jar;C:\Users\pchatterjee\.m2\repository\commons-beanutils\commons-beanutils\1.9.2\commons-beanutils-1.9.2.jar;C:\Users\pchatterjee\.m2\repository\commons-collections\commons-collections\3.2.1\commons-collections-3.2.1.jar;C:\Users\pchatterjee\.m2\repository\org\apache\xmlgraphics\xmlgraphics-commons\1.4\xmlgraphics-commons-1.4.jar;C:\Users\pchatterjee\.m2\repository\com\lowagie\itext\2.1.7\itext-2.1.7.jar;C:\Users\pchatterjee\.m2\repository\org\apache\pdfbox\pdfbox\2.0.17\pdfbox-2.0.17.jar;C:\Users\pchatterjee\.m2\repository\org\apache\pdfbox\fontbox\2.0.17\fontbox-2.0.17.jar;C:\Users\pchatterjee\.m2\repository\org\apache\pdfbox\pdfbox-tools\2.0.17\pdfbox-tools-2.0.17.jar;C:\Users\pchatterjee\.m2\repository\org\apache\pdfbox\pdfbox-debugger\2.0.17\pdfbox-debugger-2.0.17.jar;C:\Users\pchatterjee\.m2\repository\org\apache\pdfbox\jbig2-imageio\3.0.2\jbig2-imageio-3.0.2.jar;C:\Users\pchatterjee\.m2\repository\net\sourceforge\lept4j\lept4j\1.12.3\lept4j-1.12.3.jar;C:\Users\pchatterjee\.m2\repository\org\jboss\jboss-vfs\3.2.14.Final\jboss-vfs-3.2.14.Final.jar;C:\Users\pchatterjee\.m2\repository\org\jboss\logging\jboss-logging\3.1.4.GA\jboss-logging-3.1.4.GA.jar;C:\Users\pchatterjee\.m2\repository\org\slf4j\jul-to-slf4j\1.7.28\jul-to-slf4j-1.7.28.jar;C:\Users\pchatterjee\.m2\repository\org\slf4j\jcl-over-slf4j\1.7.28\jcl-over-slf4j-1.7.28.jar;C:\Users\pchatterjee\.m2\repository\org\slf4j\log4j-over-slf4j\1.7.28\log4j-over-slf4j-1.7.28.jar;C:\Users\pchatterjee\.m2\repository\org\slf4j\slf4j-nop\1.7.28\slf4j-nop-1.7.28.jar;C:\Users\pchatterjee\.m2\repository\org\slf4j\slf4j-api\1.7.28\slf4j-api-1.7.28.jar;C:\Users\pchatterjee\.m2\repository\com\sikulix\sikulixlibswin\1.1.0\sikulixlibswin-1.1.0.jar;"/>
    <property name="sun.cpu.endian" value="little"/>
    <property name="user.home" value="C:\Users\pchatterjee"/>
    <property name="user.language" value="en"/>
    <property name="java.specification.vendor" value="Oracle Corporation"/>
    <property name="java.version.date" value="2020-10-20"/>
    <property name="java.home" value="C:\Program Files\Java\jdk-11.0.9"/>
    <property name="file.separator" value="\"/>
    <property name="basedir" value="C:\Users\pchatterjee\eclipse-workspace\OneMap"/>
    <property name="java.vm.compressedOopsMode" value="Zero based"/>
    <property name="line.separator" value="&#10;"/>
    <property name="java.specification.name" value="Java Platform API Specification"/>
    <property name="java.vm.specification.vendor" value="Oracle Corporation"/>
    <property name="java.awt.graphicsenv" value="sun.awt.Win32GraphicsEnvironment"/>
    <property name="surefire.real.class.path" value="C:\Users\pchatterjee\AppData\Local\Temp\surefire10890129332712312163\surefirebooter11661701118472061789.jar"/>
    <property name="user.script" value=""/>
    <property name="sun.management.compiler" value="HotSpot 64-Bit Tiered Compilers"/>
    <property name="java.runtime.version" value="11.0.9+7-LTS"/>
    <property name="user.name" value="pchatterjee"/>
    <property name="path.separator" value=";"/>
    <property name="os.version" value="10.0"/>
    <property name="java.runtime.name" value="Java(TM) SE Runtime Environment"/>
    <property name="file.encoding" value="Cp1252"/>
    <property name="jnidispatch.path" value="C:\Users\PCHATT~1\AppData\Local\Temp\jna--123879279\jna3864518600497270703.dll"/>
    <property name="browser" value="chrome"/>
    <property name="java.vm.name" value="Java HotSpot(TM) 64-Bit Server VM"/>
    <property name="java.vendor.version" value="18.9"/>
    <property name="localRepository" value="C:\Users\pchatterjee\.m2\repository"/>
    <property name="jna.loaded" value="true"/>
    <property name="java.vendor.url.bug" value="https://bugreport.java.com/bugreport/"/>
    <property name="java.io.tmpdir" value="C:\Users\PCHATT~1\AppData\Local\Temp\"/>
    <property name="java.version" value="11.0.9"/>
    <property name="user.dir" value="C:\Users\pchatterjee\eclipse-workspace\OneMap"/>
    <property name="os.arch" value="amd64"/>
    <property name="java.vm.specification.name" value="Java Virtual Machine Specification"/>
    <property name="java.awt.printerjob" value="sun.awt.windows.WPrinterJob"/>
    <property name="sun.os.patch.level" value=""/>
    <property name="java.library.path" value="C:\Program Files\Java\jdk-11.0.9\bin;C:\WINDOWS\Sun\Java\bin;C:\WINDOWS\system32;C:\WINDOWS;C:\Program Files\SAPERION\Application\server64;C:\Python39\Scripts\;C:\Python39\;C:\Users\pchatterjee\AppData\Local\Programs\Python\Python36;C:\Program Files\nodejs\;C:\Softwares\php-8.0.6;C:\Program Files\Java\jdk-11.0.9\bin;C:\Program Files\dotnet;C:\Softwares\apache-maven-3.8.1-bin\apache-maven-3.8.1\bin;C:\Program Files (x86)\SAPERION\;C:\Users\pchatterjee\AppData\Local\Microsoft\WindowsApps;C:\Program Files\JetBrains\IntelliJ IDEA Community Edition 2019.2.3\bin;C:\Users\pchatterjee\AppData\Local\Programs\Fiddler;C:\Users\pchatterjee\AppData\Local\Microsoft\WindowsApps;C:\Users\pchatterjee\AppData\Roaming\npm;."/>
    <property name="java.vendor" value="Oracle Corporation"/>
    <property name="java.vm.info" value="mixed mode"/>
    <property name="java.vm.version" value="11.0.9+7-LTS"/>
    <property name="sun.io.unicode.encoding" value="UnicodeLittle"/>
    <property name="java.class.version" value="55.0"/>
  </properties>
  <testcase name="runScenario[&quot;Validate Different options in Home Page&quot;, &quot;Optional[Validate the OneMap site]&quot;](1)" classname="testRunner.TestRunner" time="7.482">
    <system-out><![CDATA[
Scenario: Validate Different options in Home Page              # src/test/resources/FeatureFiles/OneMap.feature:3
  Given User is on HomePage of URL "https://www.onemap.gov.sg" # stepDefs.HomePageStepDef.user_is_on_HomePage_of_URL_oneMap(java.lang.String)
  When Validate that home page heading is displayed            # stepDefs.HomePageStepDef.validate_that_home_page_heading_is_displayed()
  Then Validate that searchbox is enabled                      # stepDefs.HomePageStepDef.validate_that_searchbox_is_enabled()
  And Validate that Vaccination Centres icon is enabled        # stepDefs.HomePageStepDef.validate_that_Vaccination_Centres_icon_is_enabled()
  Then Validate that Covid Test Provider icon is enabled       # stepDefs.HomePageStepDef.validate_that_Covid_Test_Provider_icon_is_enabled()
  And Validate that Nearby Parks icon is enabled               # stepDefs.HomePageStepDef.validate_that_Nearby_Parks_icon_is_enabled()
  Then Validate that Essential Amenities icon is enabled       # stepDefs.HomePageStepDef.validate_that_Essential_Amenities_icon_is_enabled()
  And Validate that School Query icon is enabled               # stepDefs.HomePageStepDef.validate_that_School_Query_icon_is_enabled()
  Then Validate that More Menu icon is enabled                 # stepDefs.HomePageStepDef.validate_that_More_Menu_icon_is_enabled()
  And Validate that notification icon is enabled               # stepDefs.HomePageStepDef.validate_that_notification_icon_is_enabled()
  Then Validate that Map Tools icon is enabled                 # stepDefs.HomePageStepDef.validate_that_Map_Tools_icon_is_enabled()
  And Validate that toggle icon is enabled                     # stepDefs.HomePageStepDef.validate_that_toggle_icon_is_enabled()
]]></system-out>
    <system-err><![CDATA[Starting ChromeDriver 91.0.4472.101 (af52a90bf87030dd1523486a1cd3ae25c5d76c9b-refs/branch-heads/4472@{#1462}) on port 16603
Only local connections are allowed.
Please see https://chromedriver.chromium.org/security-considerations for suggestions on keeping ChromeDriver safe.
ChromeDriver was started successfully.
Jul 06, 2021 12:52:48 PM org.openqa.selenium.remote.ProtocolHandshake createSession
INFO: Detected dialect: W3C
]]></system-err>
  </testcase>
  <testcase name="runScenario[&quot;Validate Covid Test Providers Option&quot;, &quot;Optional[Validate the OneMap site]&quot;](2)" classname="testRunner.TestRunner" time="19.823">
    <system-out><![CDATA[
Scenario: Validate Covid Test Providers Option                                     # src/test/resources/FeatureFiles/OneMap.feature:17
  Given User is on HomePage of URL "https://www.onemap.gov.sg"                     # stepDefs.HomePageStepDef.user_is_on_HomePage_of_URL_oneMap(java.lang.String)
  When User can click Covid Test Providers option                                  # stepDefs.CovidTestProvidersStepDef.User_can_click_Covid_Test_Providers_option()
  Then Validate that Covid Test Providers opens                                    # stepDefs.CovidTestProvidersStepDef.validate_that_Covid_Test_Providers_opens()
  When User successfully search "102 THOMSON RIDGE THOMSON RIDGE SINGAPORE 574684" # stepDefs.CovidTestProvidersStepDef.user_successfully_search_text(java.lang.String)
  And User can click on list of covid swab providers link                          # stepDefs.CovidTestProvidersStepDef.user_can_click_on_list_of_covid_swab_providers_link()
  Then A seperate window of moh opens                                              # stepDefs.CovidTestProvidersStepDef.a_seperate_window_of_moh_opens()
The link with Text hereis broken with code: 403
The link with Text hereis broken with code: 403
The link with Text hereis broken with code: 403
The link with Text My Health Recordis broken with code: 404
The link with Text is broken with code: 404
The link with Text is broken with code: 404
The link with Text Report Vulnerabilityis broken with code: 451
The link with Text is broken with code: 404
  And Validate no link is broken                                                   # stepDefs.CovidTestProvidersStepDef.validate_no_link_is_broken()
]]></system-out>
    <system-err><![CDATA[Starting ChromeDriver 91.0.4472.101 (af52a90bf87030dd1523486a1cd3ae25c5d76c9b-refs/branch-heads/4472@{#1462}) on port 11605
Only local connections are allowed.
Please see https://chromedriver.chromium.org/security-considerations for suggestions on keeping ChromeDriver safe.
ChromeDriver was started successfully.
Jul 06, 2021 12:52:55 PM org.openqa.selenium.remote.ProtocolHandshake createSession
INFO: Detected dialect: W3C
]]></system-err>
  </testcase>
  <testcase name="runScenario[&quot;Validate Nearby Park Option&quot;, &quot;Optional[Validate the OneMap site]&quot;](3)" classname="testRunner.TestRunner" time="7.647">
    <system-out><![CDATA[
Scenario: Validate Nearby Park Option                            # src/test/resources/FeatureFiles/OneMap.feature:26
  Given User is on HomePage of URL "https://www.onemap.gov.sg"   # stepDefs.HomePageStepDef.user_is_on_HomePage_of_URL_oneMap(java.lang.String)
  When User can click Nearby Park option                         # stepDefs.NearbyParkStepDefs.user_can_click_Nearby_Park_option()
  And User click on the OK button                                # stepDefs.NearbyParkStepDefs.user_click_on_the_OK_button()
  Then Validate that Nearby Park opens                           # stepDefs.NearbyParkStepDefs.validate_that_Nearby_Park_opens()
nationalparks.kml file downloaded
  When Validate that User successfully download the KML document # stepDefs.NearbyParkStepDefs.validate_that_User_successfully_download_the_KML_document()
  And User click on Cancel button                                # stepDefs.NearbyParkStepDefs.user_click_on_Cancel_button()
  Then User click on the Information icon                        # stepDefs.NearbyParkStepDefs.user_click_on_the_Information_icon()
  And Validate that Information window is opening                # stepDefs.NearbyParkStepDefs.validate_that_Information_window_is_opening()
  And User click on the OK button                                # stepDefs.NearbyParkStepDefs.user_click_on_the_OK_button()
]]></system-out>
    <system-err><![CDATA[Starting ChromeDriver 91.0.4472.101 (af52a90bf87030dd1523486a1cd3ae25c5d76c9b-refs/branch-heads/4472@{#1462}) on port 14349
Only local connections are allowed.
Please see https://chromedriver.chromium.org/security-considerations for suggestions on keeping ChromeDriver safe.
ChromeDriver was started successfully.
Jul 06, 2021 12:53:14 PM org.openqa.selenium.remote.ProtocolHandshake createSession
INFO: Detected dialect: W3C
]]></system-err>
  </testcase>
  <testcase name="runScenario[&quot;Validate Essential Amenities Option&quot;, &quot;Optional[Validate the OneMap site]&quot;](4)" classname="testRunner.TestRunner" time="6.87">
    <system-out><![CDATA[
Scenario: Validate Essential Amenities Option                  # src/test/resources/FeatureFiles/OneMap.feature:37
  Given User is on HomePage of URL "https://www.onemap.gov.sg" # stepDefs.HomePageStepDef.user_is_on_HomePage_of_URL_oneMap(java.lang.String)
[error] ImagePath: find: not there: src/test/resources/Images/RetailPharmacyLocationsImage.jpg
  When User can click Essential Amenities option               # stepDefs.EssentialAmenitiesStepDef.User_can_click_Essential_Amenities_option()
  And User click on the OK button                              # stepDefs.NearbyParkStepDefs.user_click_on_the_OK_button()
  Then Validate that Essential Amenities opens                 # stepDefs.EssentialAmenitiesStepDef.validate_that_Essential_Amenities_opens()
  When User clicks on the Retail Pharmacy Locations Option     # stepDefs.EssentialAmenitiesStepDef.user_clicks_on_the_Retail_Pharmacy_Locations_Option()
  And Validate that cancel button is enabled                   # stepDefs.EssentialAmenitiesStepDef.validate_that_cancel_button_is_enabled()
  Then User click on Yes button                                # stepDefs.EssentialAmenitiesStepDef.user_click_on_Yes_button()
  And Validate that Retail Pharmacy Locations present in Map   # stepDefs.EssentialAmenitiesStepDef.validate_that_Retail_Pharmacy_Locations_present_in_Map()
]]></system-out>
    <system-err><![CDATA[Starting ChromeDriver 91.0.4472.101 (af52a90bf87030dd1523486a1cd3ae25c5d76c9b-refs/branch-heads/4472@{#1462}) on port 19179
Only local connections are allowed.
Please see https://chromedriver.chromium.org/security-considerations for suggestions on keeping ChromeDriver safe.
ChromeDriver was started successfully.
Jul 06, 2021 12:53:22 PM org.openqa.selenium.remote.ProtocolHandshake createSession
INFO: Detected dialect: W3C
]]></system-err>
  </testcase>
  <testcase name="runScenario[&quot;Validate Different options in More Menu&quot;, &quot;Optional[Validate the OneMap site]&quot;](5)" classname="testRunner.TestRunner" time="5.943">
    <system-out><![CDATA[
Scenario: Validate Different options in More Menu                                # src/test/resources/FeatureFiles/OneMap.feature:47
  Given User is on HomePage of URL "https://www.onemap.gov.sg"                   # stepDefs.HomePageStepDef.user_is_on_HomePage_of_URL_oneMap(java.lang.String)
  When Validate that More Menu icon is enabled                                   # stepDefs.HomePageStepDef.validate_that_More_Menu_icon_is_enabled()
  Then Validate that user can click phpcDisplay in moreMenu options              # stepDefs.MoreMenuStepDef.validate_that_user_can_click_phpcDisplay_in_moreMenu_options()
  And Validate that all the options in phpcDisplay are present                   # stepDefs.MoreMenuStepDef.validate_that_all_the_options_in_phpcDisplay_are_present()
  Then Validate that user can click LandQuery in moreMenu options                # stepDefs.MoreMenuStepDef.validate_that_user_can_click_LandQuery_in_moreMenu_options()
  And Validate that query and tenure options in phpcDisplay are present          # stepDefs.MoreMenuStepDef.validate_that_query_and_tenure_options_in_LandQuery_are_present()
  Then Validate that user can click DroneQuery in moreMenu options               # stepDefs.MoreMenuStepDef.validate_that_user_can_click_DroneQuery_in_moreMenu_options()
  And Validate that all options in DroneQuery are present                        # stepDefs.MoreMenuStepDef.validate_that_all_options_in_DroneQuery_are_present()
  Then Validate that user can click About One Map in moreMenu options            # stepDefs.MoreMenuStepDef.validate_that_user_can_click_About_One_Map_in_moreMenu_options()
  And Validate that email and homepage link options in About One Map are present # stepDefs.MoreMenuStepDef.validate_that_email_and_homepage_link_options_in_DroneQuery_are_present()
  Then Validate that user can click Help in moreMenu options                     # stepDefs.MoreMenuStepDef.validate_that_user_can_click_Help_in_moreMenu_options()
  And Validate that all options in Help are present                              # stepDefs.MoreMenuStepDef.validate_that_all_the_options_in_Help_are_present()
]]></system-out>
    <system-err><![CDATA[Starting ChromeDriver 91.0.4472.101 (af52a90bf87030dd1523486a1cd3ae25c5d76c9b-refs/branch-heads/4472@{#1462}) on port 34298
Only local connections are allowed.
Please see https://chromedriver.chromium.org/security-considerations for suggestions on keeping ChromeDriver safe.
ChromeDriver was started successfully.
Jul 06, 2021 12:53:29 PM org.openqa.selenium.remote.ProtocolHandshake createSession
INFO: Detected dialect: W3C
]]></system-err>
  </testcase>
  <testcase name="runScenario[&quot;Validate Happy Smiley Option&quot;, &quot;Optional[Validate the OneMap site]&quot;](6)" classname="testRunner.TestRunner" time="14.435">
    <failure message="src/test/resources/Images/HelpUsImproveImage.jpg not loaded" type="org.sikuli.script.FindFailed"><![CDATA[org.sikuli.script.FindFailed: src/test/resources/Images/HelpUsImproveImage.jpg not loaded
]]></failure>
    <system-out><![CDATA[
Scenario: Validate Happy Smiley Option                         # src/test/resources/FeatureFiles/OneMap.feature:61
  Given User is on HomePage of URL "https://www.onemap.gov.sg" # stepDefs.HomePageStepDef.user_is_on_HomePage_of_URL_oneMap(java.lang.String)
[error] ImagePath: find: not there: src/test/resources/Images/happySmiley.jpg
  When User goes to Happy Smiley in homepage                   # stepDefs.HappySmileyStepDef.user_goes_to_Happy_Smiley_in_homepage()
[error] ImagePath: find: not there: src/test/resources/Images/HelpUsImproveImage.jpg
  Then User gives the rating                                   # stepDefs.HappySmileyStepDef.user_gives_the_rating()
      FindFailed: src/test/resources/Images/HelpUsImproveImage.jpg not loaded
  Line 2284, in file Region.java

	at org.sikuli.script.Region.wait(Region.java:2284)
	at org.sikuli.script.Region.wait(Region.java:2302)
	at org.sikuli.script.Region.getLocationFromTarget(Region.java:3329)
	at org.sikuli.script.Region.click(Region.java:3982)
	at org.sikuli.script.Region.click(Region.java:3958)
	at pageObjects.HappySmileyPageObjects.provideRating(HappySmileyPageObjects.java:33)
	at stepDefs.HappySmileyStepDef.user_gives_the_rating(HappySmileyStepDef.java:22)
	at âœ½.User gives the rating(file:///C:/Users/pchatterjee/eclipse-workspace/OneMap/src/test/resources/FeatureFiles/OneMap.feature:64)

]]></system-out>
    <system-err><![CDATA[Starting ChromeDriver 91.0.4472.101 (af52a90bf87030dd1523486a1cd3ae25c5d76c9b-refs/branch-heads/4472@{#1462}) on port 43443
Only local connections are allowed.
Please see https://chromedriver.chromium.org/security-considerations for suggestions on keeping ChromeDriver safe.
ChromeDriver was started successfully.
Jul 06, 2021 12:53:35 PM org.openqa.selenium.remote.ProtocolHandshake createSession
INFO: Detected dialect: W3C
FindFailed: src/test/resources/Images/happySmiley.jpg not loaded
  Line 2284, in file Region.java

	at org.sikuli.script.Region.wait(Region.java:2284)
	at org.sikuli.script.Region.wait(Region.java:2302)
	at org.sikuli.script.Region.getLocationFromTarget(Region.java:3329)
	at org.sikuli.script.Region.mouseMove(Region.java:4275)
	at org.sikuli.script.Region.hover(Region.java:3930)
	at pageObjects.HappySmileyPageObjects.happySmileyHover(HappySmileyPageObjects.java:26)
	at stepDefs.HappySmileyStepDef.user_goes_to_Happy_Smiley_in_homepage(HappySmileyStepDef.java:17)
	at java.base/jdk.internal.reflect.NativeMethodAccessorImpl.invoke0(Native Method)
	at java.base/jdk.internal.reflect.NativeMethodAccessorImpl.invoke(NativeMethodAccessorImpl.java:62)
	at java.base/jdk.internal.reflect.DelegatingMethodAccessorImpl.invoke(DelegatingMethodAccessorImpl.java:43)
	at java.base/java.lang.reflect.Method.invoke(Method.java:566)
	at io.cucumber.java.Invoker.doInvoke(Invoker.java:66)
	at io.cucumber.java.Invoker.invoke(Invoker.java:24)
	at io.cucumber.java.AbstractGlueDefinition.invokeMethod(AbstractGlueDefinition.java:47)
	at io.cucumber.java.JavaStepDefinition.execute(JavaStepDefinition.java:29)
	at io.cucumber.core.runner.CoreStepDefinition.execute(CoreStepDefinition.java:66)
	at io.cucumber.core.runner.PickleStepDefinitionMatch.runStep(PickleStepDefinitionMatch.java:63)
	at io.cucumber.core.runner.ExecutionMode$1.execute(ExecutionMode.java:10)
	at io.cucumber.core.runner.TestStep.executeStep(TestStep.java:92)
	at io.cucumber.core.runner.TestStep.run(TestStep.java:64)
	at io.cucumber.core.runner.PickleStepTestStep.run(PickleStepTestStep.java:51)
	at io.cucumber.core.runner.TestCase.run(TestCase.java:104)
	at io.cucumber.core.runner.Runner.runPickle(Runner.java:71)
	at io.cucumber.testng.TestNGCucumberRunner.lambda$runScenario$0(TestNGCucumberRunner.java:116)
	at io.cucumber.core.runtime.CucumberExecutionContext.runTestCase(CucumberExecutionContext.java:117)
	at io.cucumber.testng.TestNGCucumberRunner.runScenario(TestNGCucumberRunner.java:113)
	at io.cucumber.testng.AbstractTestNGCucumberTests.runScenario(AbstractTestNGCucumberTests.java:31)
	at java.base/jdk.internal.reflect.NativeMethodAccessorImpl.invoke0(Native Method)
	at java.base/jdk.internal.reflect.NativeMethodAccessorImpl.invoke(NativeMethodAccessorImpl.java:62)
	at java.base/jdk.internal.reflect.DelegatingMethodAccessorImpl.invoke(DelegatingMethodAccessorImpl.java:43)
	at java.base/java.lang.reflect.Method.invoke(Method.java:566)
	at org.testng.internal.MethodInvocationHelper.invokeMethod(MethodInvocationHelper.java:132)
	at org.testng.internal.TestInvoker.invokeMethod(TestInvoker.java:599)
	at org.testng.internal.TestInvoker.invokeTestMethod(TestInvoker.java:174)
	at org.testng.internal.MethodRunner.runInSequence(MethodRunner.java:46)
	at org.testng.internal.TestInvoker$MethodInvocationAgent.invoke(TestInvoker.java:822)
	at org.testng.internal.TestInvoker.invokeTestMethods(TestInvoker.java:147)
	at org.testng.internal.TestMethodWorker.invokeTestMethods(TestMethodWorker.java:146)
	at org.testng.internal.TestMethodWorker.run(TestMethodWorker.java:128)
	at java.base/java.util.concurrent.ThreadPoolExecutor.runWorker(ThreadPoolExecutor.java:1128)
	at java.base/java.util.concurrent.ThreadPoolExecutor$Worker.run(ThreadPoolExecutor.java:628)
	at java.base/java.lang.Thread.run(Thread.java:834)
]]></system-err>
  </testcase>
</testsuite>